TN:
SF:script/MaseerOne.s.sol
DA:51,2
FN:51,MaseerOneScript.run
FNDA:2,MaseerOneScript.run
DA:52,2
DA:54,2
DA:55,2
DA:56,2
DA:57,2
DA:58,2
BRDA:58,0,0,-
DA:59,0
DA:61,2
DA:62,2
DA:63,2
DA:64,2
DA:66,2
DA:79,2
DA:80,2
DA:81,2
DA:82,2
DA:83,2
DA:84,2
DA:85,2
DA:88,2
DA:89,2
DA:90,2
DA:91,2
DA:92,2
DA:93,2
DA:94,2
DA:95,2
DA:98,2
DA:99,2
DA:100,2
DA:101,2
DA:104,2
DA:105,2
DA:106,2
DA:107,2
DA:108,2
DA:109,2
DA:110,2
DA:112,2
DA:114,2
BRDA:114,1,0,-
BRDA:114,1,1,2
DA:115,2
DA:116,2
BRDA:116,2,0,-
BRDA:116,2,1,2
DA:120,2
DA:121,2
BRDA:121,3,0,-
BRDA:121,3,1,2
DA:125,2
DA:126,2
BRDA:126,4,0,-
BRDA:126,4,1,2
DA:127,2
DA:128,2
BRDA:128,5,0,-
BRDA:128,5,1,2
DA:129,2
DA:133,2
FN:133,MaseerOneScript.getChainId
FNDA:2,MaseerOneScript.getChainId
DA:134,2
DA:136,2
DA:138,2
FNF:2
FNH:2
LF:54
LH:53
BRF:11
BRH:5
end_of_record
TN:
SF:src/MaseerConduit.sol
DA:27,8
FN:27,MaseerConduit.hope
FNDA:8,MaseerConduit.hope
DA:28,2
FN:28,MaseerConduit.nope
FNDA:2,MaseerConduit.nope
DA:29,7
FN:29,MaseerConduit.operator
FNDA:7,MaseerConduit.operator
DA:30,7
BRDA:30,0,0,1
DA:33,10
FN:33,MaseerConduit.kiss
FNDA:10,MaseerConduit.kiss
DA:34,2
FN:34,MaseerConduit.diss
FNDA:2,MaseerConduit.diss
DA:35,6
FN:35,MaseerConduit.buds
FNDA:6,MaseerConduit.buds
DA:36,6
BRDA:36,1,0,1
DA:46,89
FN:46,MaseerConduit.constructor
FNDA:89,MaseerConduit.constructor
DA:47,89
DA:50,7
FN:50,MaseerConduit.move
FNDA:7,MaseerConduit.move
DA:51,5
DA:52,5
DA:55,1
FN:55,MaseerConduit.move
FNDA:1,MaseerConduit.move
DA:56,1
DA:57,1
DA:60,6
FN:60,MaseerConduit._move
FNDA:6,MaseerConduit._move
DA:61,6
BRDA:61,2,0,-
DA:62,6
DA:63,6
DA:66,6
FN:66,MaseerConduit._safeTransfer
FNDA:6,MaseerConduit._safeTransfer
DA:67,6
DA:68,6
BRDA:68,3,0,-
FNF:11
FNH:11
LF:23
LH:23
BRF:4
BRH:2
end_of_record
TN:
SF:src/MaseerGate.sol
DA:20,93
FN:20,MaseerGate.constructor
FNDA:93,MaseerGate.constructor
DA:21,93
DA:24,15
FN:24,MaseerGate.mintable
FNDA:15,MaseerGate.mintable
DA:25,15
DA:26,15
DA:29,7
FN:29,MaseerGate.burnable
FNDA:7,MaseerGate.burnable
DA:30,7
DA:31,7
DA:34,8
FN:34,MaseerGate.openMint
FNDA:8,MaseerGate.openMint
DA:35,24
DA:38,7
FN:38,MaseerGate.haltMint
FNDA:7,MaseerGate.haltMint
DA:39,23
DA:42,3
FN:42,MaseerGate.openBurn
FNDA:3,MaseerGate.openBurn
DA:43,11
DA:46,3
FN:46,MaseerGate.haltBurn
FNDA:3,MaseerGate.haltBurn
DA:47,11
DA:50,16
FN:50,MaseerGate.bpsin
FNDA:16,MaseerGate.bpsin
DA:51,16
DA:54,8
FN:54,MaseerGate.bpsout
FNDA:8,MaseerGate.bpsout
DA:55,8
DA:58,10
FN:58,MaseerGate.delay
FNDA:10,MaseerGate.delay
DA:59,10
DA:62,10
FN:62,MaseerGate.cap
FNDA:10,MaseerGate.cap
DA:63,10
DA:66,1
FN:66,MaseerGate.nextOpenMint
FNDA:1,MaseerGate.nextOpenMint
DA:67,1
DA:68,1
DA:71,1
FN:71,MaseerGate.nextHaltMint
FNDA:1,MaseerGate.nextHaltMint
DA:72,1
DA:73,1
DA:76,1
FN:76,MaseerGate.nextOpenBurn
FNDA:1,MaseerGate.nextOpenBurn
DA:77,1
DA:78,1
DA:81,1
FN:81,MaseerGate.nextHaltBurn
FNDA:1,MaseerGate.nextHaltBurn
DA:82,1
DA:83,1
DA:86,17
FN:86,MaseerGate.setOpenMint
FNDA:17,MaseerGate.setOpenMint
DA:87,17
BRDA:87,0,0,-
DA:88,17
DA:91,16
FN:91,MaseerGate.setHaltMint
FNDA:16,MaseerGate.setHaltMint
DA:92,16
BRDA:92,1,0,-
DA:93,16
DA:96,15
FN:96,MaseerGate.setOpenBurn
FNDA:15,MaseerGate.setOpenBurn
DA:97,15
BRDA:97,2,0,-
DA:98,15
DA:101,15
FN:101,MaseerGate.setHaltBurn
FNDA:15,MaseerGate.setHaltBurn
DA:102,15
BRDA:102,3,0,-
DA:103,15
DA:106,2
FN:106,MaseerGate.pauseMarket
FNDA:2,MaseerGate.pauseMarket
DA:107,2
DA:108,2
DA:109,2
DA:110,2
DA:113,16
FN:113,MaseerGate.setBpsin
FNDA:16,MaseerGate.setBpsin
DA:114,16
BRDA:114,4,0,-
DA:115,16
DA:118,16
FN:118,MaseerGate.setBpsout
FNDA:16,MaseerGate.setBpsout
DA:119,16
BRDA:119,5,0,-
DA:120,16
DA:123,15
FN:123,MaseerGate.setDelay
FNDA:15,MaseerGate.setDelay
DA:124,15
BRDA:124,6,0,-
DA:125,15
DA:128,14
FN:128,MaseerGate.setCap
FNDA:14,MaseerGate.setCap
DA:129,14
DA:132,9
FN:132,MaseerGate.file
FNDA:9,MaseerGate.file
DA:133,9
BRDA:133,7,0,1
BRDA:133,7,1,1
DA:134,8
BRDA:134,8,0,1
BRDA:134,8,1,1
DA:135,7
BRDA:135,9,0,1
BRDA:135,9,1,1
DA:136,6
BRDA:136,10,0,1
BRDA:136,10,1,1
DA:137,5
BRDA:137,11,0,1
BRDA:137,11,1,1
DA:138,4
BRDA:138,12,0,1
BRDA:138,12,1,1
DA:139,3
BRDA:139,13,0,1
BRDA:139,13,1,1
DA:140,2
BRDA:140,14,0,1
BRDA:140,14,1,1
DA:141,1
DA:144,20
FN:144,MaseerGate._setOpenMint
FNDA:20,MaseerGate._setOpenMint
DA:145,20
DA:148,19
FN:148,MaseerGate._setHaltMint
FNDA:19,MaseerGate._setHaltMint
DA:149,19
DA:152,18
FN:152,MaseerGate._setOpenBurn
FNDA:18,MaseerGate._setOpenBurn
DA:153,18
DA:156,18
FN:156,MaseerGate._setHaltBurn
FNDA:18,MaseerGate._setHaltBurn
DA:157,18
DA:160,17
FN:160,MaseerGate._setBpsin
FNDA:17,MaseerGate._setBpsin
DA:161,17
DA:164,17
FN:164,MaseerGate._setBpsout
FNDA:17,MaseerGate._setBpsout
DA:165,17
DA:168,16
FN:168,MaseerGate._setDelay
FNDA:16,MaseerGate._setDelay
DA:169,16
DA:172,15
FN:172,MaseerGate._setCap
FNDA:15,MaseerGate._setCap
DA:173,15
FNF:33
FNH:33
LF:90
LH:90
BRF:23
BRH:16
end_of_record
TN:
SF:src/MaseerGuard.sol
DA:17,90
FN:17,MaseerGuard.constructor
FNDA:90,MaseerGuard.constructor
DA:18,90
DA:26,4628
FN:26,MaseerGuard.pass
FNDA:4628,MaseerGuard.pass
DA:27,4628
FNF:2
FNH:2
LF:4
LH:4
BRF:0
BRH:0
end_of_record
TN:
SF:src/MaseerImplementation.sol
DA:11,612
FN:11,MaseerImplementation.auth
FNDA:612,MaseerImplementation.auth
DA:12,612
BRDA:12,0,0,33
DA:16,358
FN:16,MaseerImplementation.rely
FNDA:358,MaseerImplementation.rely
DA:17,357
DA:20,355
FN:20,MaseerImplementation.deny
FNDA:355,MaseerImplementation.deny
DA:21,354
DA:24,13
FN:24,MaseerImplementation.wards
FNDA:13,MaseerImplementation.wards
DA:25,13
DA:28,627
FN:28,MaseerImplementation._rely
FNDA:627,MaseerImplementation._rely
DA:29,627
DA:32,354
FN:32,MaseerImplementation._deny
FNDA:354,MaseerImplementation._deny
DA:33,354
DA:36,2333
FN:36,MaseerImplementation._setVal
FNDA:2333,MaseerImplementation._setVal
DA:38,2333
DA:42,1
FN:42,MaseerImplementation._setVal
FNDA:1,MaseerImplementation._setVal
DA:44,1
DA:48,1
FN:48,MaseerImplementation._setVal
FNDA:1,MaseerImplementation._setVal
DA:50,1
DA:54,1
FN:54,MaseerImplementation._setVal
FNDA:1,MaseerImplementation._setVal
DA:56,1
DA:60,1
FN:60,MaseerImplementation._setVal
FNDA:1,MaseerImplementation._setVal
DA:61,1
BRDA:61,1,0,-
DA:62,1
DA:64,1
DA:68,3480
FN:68,MaseerImplementation._getVal
FNDA:3480,MaseerImplementation._getVal
DA:70,3480
DA:74,1066
FN:74,MaseerImplementation._uint256Slot
FNDA:1066,MaseerImplementation._uint256Slot
DA:75,1066
DA:78,1
FN:78,MaseerImplementation._addressSlot
FNDA:1,MaseerImplementation._addressSlot
DA:79,1
DA:82,1
FN:82,MaseerImplementation._boolSlot
FNDA:1,MaseerImplementation._boolSlot
DA:83,1
DA:86,265
FN:86,MaseerImplementation._stringSlot
FNDA:265,MaseerImplementation._stringSlot
DA:87,265
DA:90,265
FN:90,MaseerImplementation._b32toString
FNDA:265,MaseerImplementation._b32toString
DA:91,265
DA:92,4653
DA:93,4388
DA:96,265
DA:97,265
DA:98,4388
DA:101,265
FNF:17
FNH:17
LF:42
LH:42
BRF:2
BRH:1
end_of_record
TN:
SF:src/MaseerOne.sol
DA:71,88
FN:71,MaseerOne.constructor
FNDA:88,MaseerOne.constructor
DA:80,88
DA:81,88
DA:82,88
DA:83,88
DA:84,88
DA:87,525
FN:87,MaseerOne.pass
FNDA:525,MaseerOne.pass
DA:88,525
BRDA:88,0,0,-
DA:92,8
FN:92,MaseerOne.mintlive
FNDA:8,MaseerOne.mintlive
DA:93,8
BRDA:93,1,0,-
DA:97,2
FN:97,MaseerOne.burnlive
FNDA:2,MaseerOne.burnlive
DA:98,2
BRDA:98,2,0,-
DA:102,8
FN:102,MaseerOne.mint
FNDA:8,MaseerOne.mint
DA:105,8
DA:108,8
BRDA:108,3,0,-
DA:111,8
DA:114,8
BRDA:114,4,0,2
DA:115,2
DA:119,6
DA:122,6
BRDA:122,5,0,-
DA:125,6
DA:128,6
DA:131,6
DA:134,2
FN:134,MaseerOne.burn
FNDA:2,MaseerOne.burn
DA:137,2
DA:140,2
BRDA:140,6,0,-
DA:143,2
DA:146,2
DA:149,2
DA:152,2
DA:155,2
DA:158,2
DA:161,2
DA:164,1
FN:164,MaseerOne.exit
FNDA:1,MaseerOne.exit
DA:166,1
DA:169,1
BRDA:169,7,0,-
DA:170,1
BRDA:170,8,0,-
DA:173,1
DA:176,1
DA:179,1
DA:182,1
DA:185,1
DA:188,1
DA:191,3
FN:191,MaseerOne.settle
FNDA:3,MaseerOne.settle
DA:194,3
DA:197,3
DA:200,3
DA:203,3
DA:206,3
DA:211,2
FN:211,MaseerOne.mintable
FNDA:2,MaseerOne.mintable
DA:212,10
DA:215,2
FN:215,MaseerOne.burnable
FNDA:2,MaseerOne.burnable
DA:216,4
DA:219,1716
FN:219,MaseerOne.canPass
FNDA:1716,MaseerOne.canPass
DA:220,1716
DA:223,4
FN:223,MaseerOne.claimDelay
FNDA:4,MaseerOne.claimDelay
DA:224,4
DA:227,1
FN:227,MaseerOne.unitPrice
FNDA:1,MaseerOne.unitPrice
DA:228,1
DA:231,3
FN:231,MaseerOne.mintPrice
FNDA:3,MaseerOne.mintPrice
DA:232,3
DA:235,1
FN:235,MaseerOne.burnPrice
FNDA:1,MaseerOne.burnPrice
DA:236,1
DA:239,1
FN:239,MaseerOne.cap
FNDA:1,MaseerOne.cap
DA:240,1
DA:243,3
FN:243,MaseerOne.unsettled
FNDA:3,MaseerOne.unsettled
DA:244,3
DA:245,3
DA:248,2
FN:248,MaseerOne.obligated
FNDA:2,MaseerOne.obligated
DA:249,2
DA:250,2
DA:255,261
FN:255,MaseerOne.approve
FNDA:261,MaseerOne.approve
DA:256,261
DA:259,264
FN:259,MaseerOne.approve
FNDA:264,MaseerOne.approve
DA:260,525
DA:263,263
FN:263,MaseerOne.transfer
FNDA:263,MaseerOne.transfer
DA:264,262
BRDA:264,10,0,1
DA:265,261
DA:268,265
FN:268,MaseerOne.transferFrom
FNDA:265,MaseerOne.transferFrom
DA:269,264
BRDA:269,11,0,1
DA:270,263
DA:273,1
FN:273,MaseerOne.permit
FNDA:1,MaseerOne.permit
DA:282,1
DA:287,4626
FN:287,MaseerOne._canPass
FNDA:4626,MaseerOne._canPass
DA:288,4626
DA:291,6
FN:291,MaseerOne._delay
FNDA:6,MaseerOne._delay
DA:292,6
DA:295,11
FN:295,MaseerOne._bpsin
FNDA:11,MaseerOne._bpsin
DA:296,11
DA:299,3
FN:299,MaseerOne._bpsout
FNDA:3,MaseerOne._bpsout
DA:300,3
DA:303,7
FN:303,MaseerOne._cap
FNDA:7,MaseerOne._cap
DA:304,7
DA:307,15
FN:307,MaseerOne._read
FNDA:15,MaseerOne._read
DA:308,15
DA:311,9
FN:311,MaseerOne._gemBalance
FNDA:9,MaseerOne._gemBalance
DA:312,9
DA:315,1
FN:315,MaseerOne._min
FNDA:1,MaseerOne._min
DA:316,1
BRDA:316,12,0,-
BRDA:316,12,1,1
DA:319,2
FN:319,MaseerOne._wmul
FNDA:2,MaseerOne._wmul
DA:320,2
DA:323,6
FN:323,MaseerOne._wdiv
FNDA:6,MaseerOne._wdiv
DA:324,6
DA:327,11
FN:327,MaseerOne._adjustMintPrice
FNDA:11,MaseerOne._adjustMintPrice
DA:328,11
DA:331,3
FN:331,MaseerOne._adjustBurnPrice
FNDA:3,MaseerOne._adjustBurnPrice
DA:332,3
DA:335,4
FN:335,MaseerOne._safeTransfer
FNDA:4,MaseerOne._safeTransfer
DA:336,4
DA:337,4
BRDA:337,13,0,-
DA:340,6
FN:340,MaseerOne._safeTransferFrom
FNDA:6,MaseerOne._safeTransferFrom
DA:341,6
DA:342,6
BRDA:342,14,0,-
FNF:37
FNH:37
LF:113
LH:113
BRF:15
BRH:4
end_of_record
TN:
SF:src/MaseerPrice.sol
DA:18,88
FN:18,MaseerPrice.constructor
FNDA:88,MaseerPrice.constructor
DA:19,88
DA:22,707
FN:22,MaseerPrice.read
FNDA:707,MaseerPrice.read
DA:23,707
DA:26,506
FN:26,MaseerPrice.poke
FNDA:506,MaseerPrice.poke
DA:27,474
DA:30,1
FN:30,MaseerPrice.pause
FNDA:1,MaseerPrice.pause
DA:31,1
DA:34,264
FN:34,MaseerPrice.name
FNDA:264,MaseerPrice.name
DA:35,264
DA:38,242
FN:38,MaseerPrice.decimals
FNDA:242,MaseerPrice.decimals
DA:39,242
DA:42,3
FN:42,MaseerPrice.paused
FNDA:3,MaseerPrice.paused
DA:43,3
DA:46,756
FN:46,MaseerPrice.file
FNDA:756,MaseerPrice.file
DA:47,755
BRDA:47,0,0,230
BRDA:47,0,1,19
DA:48,525
BRDA:48,1,0,263
BRDA:48,1,1,19
DA:49,262
BRDA:49,2,0,243
BRDA:49,2,1,19
DA:50,19
DA:51,736
DA:54,705
FN:54,MaseerPrice._poke
FNDA:705,MaseerPrice._poke
DA:55,705
DA:56,705
FNF:9
FNH:9
LF:23
LH:23
BRF:6
BRH:6
end_of_record
TN:
SF:src/MaseerProxy.sol
DA:10,36
FN:10,MaseerProxy.wardsProxy
FNDA:36,MaseerProxy.wardsProxy
DA:11,36
DA:13,358
FN:13,MaseerProxy.relyProxy
FNDA:358,MaseerProxy.relyProxy
DA:14,356
FN:14,MaseerProxy.denyProxy
FNDA:356,MaseerProxy.denyProxy
DA:19,4
FN:19,MaseerProxy.proxyAuth
FNDA:4,MaseerProxy.proxyAuth
DA:20,4
BRDA:20,0,0,-
DA:24,356
FN:24,MaseerProxy.constructor
FNDA:356,MaseerProxy.constructor
DA:25,356
DA:26,356
DA:27,356
DA:30,4
FN:30,MaseerProxy.file
FNDA:4,MaseerProxy.file
DA:31,4
DA:34,19
FN:34,MaseerProxy.impl
FNDA:19,MaseerProxy.impl
DA:35,19
DA:38,8098
FN:38,MaseerProxy.fallback
FNDA:8098,MaseerProxy.fallback
DA:39,8098
DA:42,8098
DA:43,8098
DA:44,8098
DA:45,8098
DA:48,8098
DA:49,8037
DA:53,360
FN:53,MaseerProxy._setImpl
FNDA:360,MaseerProxy._setImpl
DA:54,360
BRDA:54,1,0,-
DA:55,360
DA:57,360
DA:61,8117
FN:61,MaseerProxy._getImpl
FNDA:8117,MaseerProxy._getImpl
DA:62,8117
DA:63,8117
DA:65,8117
DA:67,8117
DA:70,1068
FN:70,MaseerProxy._setAuth
FNDA:1068,MaseerProxy._setAuth
DA:71,1068
DA:73,1068
DA:77,754
FN:77,MaseerProxy._getAuth
FNDA:754,MaseerProxy._getAuth
DA:78,754
DA:79,754
DA:81,754
DA:83,754
DA:86,356
FN:86,MaseerProxy._rely
FNDA:356,MaseerProxy._rely
DA:87,356
DA:89,356
FNF:13
FNH:13
LF:42
LH:42
BRF:2
BRH:0
end_of_record
TN:
SF:src/MaseerToken.sol
DA:21,88
FN:21,MaseerToken.constructor
FNDA:88,MaseerToken.constructor
DA:22,88
DA:23,88
DA:25,88
DA:26,88
DA:32,261
FN:32,MaseerToken.approve
FNDA:261,MaseerToken.approve
DA:33,261
DA:36,525
FN:36,MaseerToken.approve
FNDA:525,MaseerToken.approve
DA:37,525
DA:39,525
DA:41,525
DA:44,261
FN:44,MaseerToken.transfer
FNDA:261,MaseerToken.transfer
DA:45,261
DA:50,261
DA:53,261
DA:55,261
DA:58,263
FN:58,MaseerToken.transferFrom
FNDA:263,MaseerToken.transferFrom
DA:62,263
DA:63,263
BRDA:63,0,0,262
DA:64,262
DA:67,262
DA:68,262
DA:70,262
DA:72,262
DA:75,1
FN:75,MaseerToken.permit
FNDA:1,MaseerToken.permit
DA:84,1
BRDA:84,1,0,-
BRDA:84,1,1,1
DA:85,1
BRDA:85,2,0,-
BRDA:85,2,1,1
DA:89,1
DA:113,1
BRDA:113,3,0,-
BRDA:113,3,1,1
DA:115,1
DA:118,1
DA:121,6
FN:121,MaseerToken._mint
FNDA:6,MaseerToken._mint
DA:122,6
DA:125,6
DA:127,6
DA:130,2
FN:130,MaseerToken._burn
FNDA:2,MaseerToken._burn
DA:131,2
DA:134,2
DA:136,2
DA:139,88
FN:139,MaseerToken._domainSeparator
FNDA:88,MaseerToken._domainSeparator
DA:140,88
FNF:9
FNH:9
LF:41
LH:41
BRF:7
BRH:4
end_of_record
TN:
SF:test/Mocks/MockCop.sol
DA:10,1
FN:10,MockCop.blacklist
FNDA:1,MockCop.blacklist
DA:11,1
DA:14,2
FN:14,MockCop.pass
FNDA:2,MockCop.pass
DA:15,2
FNF:2
FNH:2
LF:4
LH:4
BRF:0
BRH:0
end_of_record
TN:
SF:test/Mocks/MockImplementation.sol
DA:14,1
FN:14,MockImplementation.setUint256Val
FNDA:1,MockImplementation.setUint256Val
DA:15,1
DA:18,1
FN:18,MockImplementation.getUint256Val
FNDA:1,MockImplementation.getUint256Val
DA:19,1
DA:22,1
FN:22,MockImplementation.setAddressVal
FNDA:1,MockImplementation.setAddressVal
DA:23,1
DA:26,1
FN:26,MockImplementation.getAddressVal
FNDA:1,MockImplementation.getAddressVal
DA:27,1
DA:30,1
FN:30,MockImplementation.setBoolVal
FNDA:1,MockImplementation.setBoolVal
DA:31,1
DA:34,1
FN:34,MockImplementation.getBoolVal
FNDA:1,MockImplementation.getBoolVal
DA:35,1
DA:38,1
FN:38,MockImplementation.setBytes32Val
FNDA:1,MockImplementation.setBytes32Val
DA:39,1
DA:42,1
FN:42,MockImplementation.getBytes32Val
FNDA:1,MockImplementation.getBytes32Val
DA:43,1
DA:46,1
FN:46,MockImplementation.setStringVal
FNDA:1,MockImplementation.setStringVal
DA:47,1
DA:50,1
FN:50,MockImplementation.getStringVal
FNDA:1,MockImplementation.getStringVal
DA:51,1
FNF:10
FNH:10
LF:20
LH:20
BRF:0
BRH:0
end_of_record
TN:
SF:test/Mocks/MockPip.sol
DA:10,0
FN:10,MockPip.setPrice
FNDA:0,MockPip.setPrice
DA:11,0
DA:14,0
FN:14,MockPip.read
FNDA:0,MockPip.read
DA:15,0
FNF:2
FNH:0
LF:4
LH:0
BRF:0
BRH:0
end_of_record
TN:
SF:test/Mocks/MockUSDT.sol
DA:18,0
FN:18,MockUSDT.constructor
FNDA:0,MockUSDT.constructor
DA:19,0
DA:20,0
DA:21,0
DA:24,0
FN:24,MockUSDT.getBlackListStatus
FNDA:0,MockUSDT.getBlackListStatus
DA:25,0
DA:28,0
FN:28,MockUSDT.setBlackListStatus
FNDA:0,MockUSDT.setBlackListStatus
DA:29,0
DA:32,0
FN:32,MockUSDT.mint
FNDA:0,MockUSDT.mint
DA:33,0
BRDA:33,0,0,-
BRDA:33,0,1,-
DA:34,0
DA:37,0
FN:37,MockUSDT.approve
FNDA:0,MockUSDT.approve
DA:38,0
DA:41,0
FN:41,MockUSDT.approve
FNDA:0,MockUSDT.approve
DA:42,0
DA:43,0
DA:46,0
FN:46,MockUSDT.transfer
FNDA:0,MockUSDT.transfer
DA:47,0
DA:49,0
DA:54,0
FN:54,MockUSDT.transferFrom
FNDA:0,MockUSDT.transferFrom
DA:56,0
DA:57,0
BRDA:57,1,0,-
DA:58,0
DA:60,0
DA:61,0
DA:65,0
FN:65,MockUSDT._mint
FNDA:0,MockUSDT._mint
DA:66,0
DA:69,0
FNF:9
FNH:0
LF:28
LH:0
BRF:3
BRH:0
end_of_record
TN:
SF:test/fixtures/OFAC.sol
DA:10,2
FN:10,OFAC.constructor
FNDA:2,OFAC.constructor
DA:11,2
DA:12,2
DA:13,2
DA:14,2
DA:15,2
DA:16,2
DA:17,2
DA:18,2
DA:19,2
DA:20,2
DA:21,2
DA:22,2
DA:23,2
DA:24,2
DA:25,2
DA:26,2
DA:27,2
DA:28,2
DA:29,2
DA:30,2
DA:31,2
DA:32,2
DA:33,2
DA:34,2
DA:35,2
DA:36,2
DA:37,2
DA:38,2
DA:39,2
DA:40,2
DA:41,2
DA:42,2
DA:43,2
DA:44,2
DA:45,2
DA:46,2
DA:47,2
DA:48,2
DA:49,2
DA:50,2
DA:51,2
DA:52,2
DA:53,2
DA:54,2
DA:55,2
DA:56,2
DA:57,2
DA:58,2
DA:59,2
DA:60,2
DA:61,2
DA:62,2
DA:63,2
DA:64,2
DA:65,2
DA:66,2
DA:67,2
DA:68,2
DA:69,2
DA:70,2
DA:71,2
DA:72,2
DA:73,2
DA:74,2
DA:75,2
DA:76,2
DA:77,2
DA:78,2
DA:79,2
DA:80,2
DA:81,2
DA:82,2
DA:83,2
DA:84,2
DA:85,2
DA:86,2
DA:87,2
DA:88,2
DA:89,2
DA:90,2
DA:91,2
DA:92,2
DA:93,2
DA:94,2
DA:95,2
DA:96,2
DA:97,2
DA:98,2
DA:99,2
DA:100,2
DA:101,2
DA:102,2
DA:103,2
DA:104,2
DA:105,2
DA:106,2
DA:107,2
DA:108,2
DA:109,2
DA:110,2
DA:111,2
DA:112,2
DA:113,2
DA:114,2
DA:115,2
DA:116,2
DA:117,2
DA:118,2
DA:119,2
DA:120,2
DA:121,2
DA:122,2
DA:123,2
DA:124,2
DA:125,2
DA:126,2
DA:127,2
DA:128,2
DA:129,2
DA:130,2
DA:131,2
DA:132,2
DA:133,2
DA:134,2
DA:135,2
DA:136,2
DA:137,2
DA:138,2
DA:139,2
DA:140,2
DA:141,2
DA:142,2
DA:143,2
DA:144,2
DA:145,2
DA:146,2
DA:147,2
DA:148,2
DA:149,2
DA:150,2
DA:151,2
DA:152,2
DA:153,2
DA:154,2
DA:155,2
DA:156,2
DA:157,2
DA:158,2
DA:159,2
DA:160,2
DA:161,2
DA:162,2
DA:163,2
DA:166,1
FN:166,OFAC.length
FNDA:1,OFAC.length
DA:167,1
FNF:2
FNH:2
LF:156
LH:156
BRF:0
BRH:0
end_of_record
