TN:
SF:script/MaseerOne.s.sol
DA:86,2
FN:86,MaseerOneScript.run
FNDA:2,MaseerOneScript.run
DA:87,2
DA:89,2
DA:90,2
DA:92,2
BRDA:92,0,0,-
DA:94,2
DA:95,2
DA:96,2
DA:97,2
DA:98,2
DA:99,2
DA:100,2
DA:101,2
DA:102,2
DA:103,2
DA:105,2
DA:116,2
DA:119,2
DA:120,2
DA:121,2
DA:122,2
DA:123,2
DA:124,2
DA:127,2
DA:128,2
DA:129,2
DA:130,2
DA:131,2
DA:132,2
DA:133,2
DA:136,2
DA:137,2
DA:138,2
DA:141,2
DA:142,2
DA:145,2
DA:146,2
DA:147,2
DA:148,2
DA:149,2
DA:150,2
DA:151,2
DA:152,2
DA:153,2
DA:154,2
DA:155,2
DA:156,2
DA:157,2
DA:158,2
DA:159,2
DA:160,2
DA:161,2
DA:164,2
BRDA:164,1,0,-
DA:167,2
DA:168,2
DA:169,2
DA:170,2
DA:171,2
DA:172,2
DA:173,2
DA:174,2
DA:175,2
DA:176,2
DA:178,2
DA:180,2
BRDA:180,2,0,-
BRDA:180,2,1,2
DA:181,2
DA:182,2
BRDA:182,3,0,-
BRDA:182,3,1,2
DA:186,2
DA:187,2
BRDA:187,4,0,-
BRDA:187,4,1,2
DA:191,2
DA:192,2
BRDA:192,5,0,-
BRDA:192,5,1,2
DA:193,2
DA:194,2
BRDA:194,6,0,-
BRDA:194,6,1,2
DA:195,2
DA:199,0
FN:199,MaseerOneScript.useSepoliaConfig
FNDA:0,MaseerOneScript.useSepoliaConfig
DA:200,0
DA:201,0
DA:202,0
DA:203,0
DA:204,0
DA:205,0
DA:206,0
DA:207,0
DA:208,0
DA:212,0
FN:212,MaseerOneScript.setupSepoliaMarket
FNDA:0,MaseerOneScript.setupSepoliaMarket
DA:213,0
DA:214,0
DA:215,0
BRDA:215,7,0,-
BRDA:215,7,1,-
DA:216,0
DA:217,0
DA:218,0
BRDA:218,8,0,-
BRDA:218,8,1,-
DA:219,0
DA:220,0
DA:221,0
DA:222,0
DA:225,0
DA:226,0
DA:227,0
DA:228,0
DA:229,0
DA:230,0
DA:231,0
DA:232,0
DA:235,4
FN:235,MaseerOneScript.getChainId
FNDA:4,MaseerOneScript.getChainId
DA:236,4
DA:238,4
DA:240,4
FNF:4
FNH:2
LF:107
LH:78
BRF:16
BRH:5
end_of_record
TN:
SF:src/MaseerConduit.sol
DA:38,28
FN:38,MaseerConduit.hope
FNDA:28,MaseerConduit.hope
DA:39,2
FN:39,MaseerConduit.nope
FNDA:2,MaseerConduit.nope
DA:40,8
FN:40,MaseerConduit.operator
FNDA:8,MaseerConduit.operator
DA:41,8
BRDA:41,0,0,1
DA:44,18
FN:44,MaseerConduit.kiss
FNDA:18,MaseerConduit.kiss
DA:45,2
FN:45,MaseerConduit.diss
FNDA:2,MaseerConduit.diss
DA:46,7
FN:46,MaseerConduit.buds
FNDA:7,MaseerConduit.buds
DA:47,7
BRDA:47,1,0,1
DA:61,147
FN:61,MaseerConduit.constructor
FNDA:147,MaseerConduit.constructor
DA:62,147
DA:65,8
FN:65,MaseerConduit.move
FNDA:8,MaseerConduit.move
DA:66,6
BRDA:66,2,0,1
DA:67,5
DA:68,5
DA:71,3
FN:71,MaseerConduit.move
FNDA:3,MaseerConduit.move
DA:72,3
BRDA:72,3,0,1
DA:73,2
DA:74,2
DA:77,7
FN:77,MaseerConduit._move
FNDA:7,MaseerConduit._move
DA:78,7
DA:79,7
DA:82,7
FN:82,MaseerConduit._safeTransfer
FNDA:7,MaseerConduit._safeTransfer
DA:83,7
DA:84,7
BRDA:84,4,0,-
FNF:11
FNH:11
LF:24
LH:24
BRF:5
BRH:4
end_of_record
TN:
SF:src/MaseerGate.sol
DA:44,153
FN:44,MaseerGate.constructor
FNDA:153,MaseerGate.constructor
DA:45,153
DA:48,383
FN:48,MaseerGate.mintable
FNDA:383,MaseerGate.mintable
DA:49,383
DA:50,383
DA:53,269
FN:53,MaseerGate.burnable
FNDA:269,MaseerGate.burnable
DA:54,269
DA:55,269
DA:58,1680
FN:58,MaseerGate.mintcost
FNDA:1680,MaseerGate.mintcost
DA:59,1680
DA:62,1562
FN:62,MaseerGate.burncost
FNDA:1562,MaseerGate.burncost
DA:63,1562
DA:66,9
FN:66,MaseerGate.openMint
FNDA:9,MaseerGate.openMint
DA:67,393
DA:70,7
FN:70,MaseerGate.haltMint
FNDA:7,MaseerGate.haltMint
DA:71,391
DA:74,3
FN:74,MaseerGate.openBurn
FNDA:3,MaseerGate.openBurn
DA:75,273
DA:78,3
FN:78,MaseerGate.haltBurn
FNDA:3,MaseerGate.haltBurn
DA:79,273
DA:82,13
FN:82,MaseerGate.bpsin
FNDA:13,MaseerGate.bpsin
DA:83,1693
DA:86,12
FN:86,MaseerGate.bpsout
FNDA:12,MaseerGate.bpsout
DA:87,1574
DA:90,794
FN:90,MaseerGate.cooldown
FNDA:794,MaseerGate.cooldown
DA:91,794
DA:94,378
FN:94,MaseerGate.capacity
FNDA:378,MaseerGate.capacity
DA:95,378
DA:98,260
FN:98,MaseerGate.terms
FNDA:260,MaseerGate.terms
DA:99,260
DA:102,1
FN:102,MaseerGate.nextOpenMint
FNDA:1,MaseerGate.nextOpenMint
DA:103,1
DA:104,1
DA:107,1
FN:107,MaseerGate.nextHaltMint
FNDA:1,MaseerGate.nextHaltMint
DA:108,1
DA:109,1
DA:112,1
FN:112,MaseerGate.nextOpenBurn
FNDA:1,MaseerGate.nextOpenBurn
DA:113,1
DA:114,1
DA:117,1
FN:117,MaseerGate.nextHaltBurn
FNDA:1,MaseerGate.nextHaltBurn
DA:118,1
DA:119,1
DA:122,34
FN:122,MaseerGate.setOpenMint
FNDA:34,MaseerGate.setOpenMint
DA:123,34
BRDA:123,0,0,-
DA:124,34
DA:127,32
FN:127,MaseerGate.setHaltMint
FNDA:32,MaseerGate.setHaltMint
DA:128,32
BRDA:128,1,0,-
DA:129,32
DA:132,29
FN:132,MaseerGate.setOpenBurn
FNDA:29,MaseerGate.setOpenBurn
DA:133,29
BRDA:133,2,0,-
DA:134,29
DA:137,29
FN:137,MaseerGate.setHaltBurn
FNDA:29,MaseerGate.setHaltBurn
DA:138,29
BRDA:138,3,0,-
DA:139,29
DA:142,2
FN:142,MaseerGate.pauseMarket
FNDA:2,MaseerGate.pauseMarket
DA:143,2
DA:144,2
DA:145,2
DA:146,2
DA:149,812
FN:149,MaseerGate.setBpsin
FNDA:812,MaseerGate.setBpsin
DA:150,812
BRDA:150,4,0,-
DA:151,812
DA:154,297
FN:154,MaseerGate.setBpsout
FNDA:297,MaseerGate.setBpsout
DA:155,297
BRDA:155,5,0,-
DA:156,297
DA:159,29
FN:159,MaseerGate.setCooldown
FNDA:29,MaseerGate.setCooldown
DA:160,29
BRDA:160,6,0,-
DA:161,29
DA:164,547
FN:164,MaseerGate.setCapacity
FNDA:547,MaseerGate.setCapacity
DA:165,547
DA:168,260
FN:168,MaseerGate.setTerms
FNDA:260,MaseerGate.setTerms
DA:169,260
DA:172,9
FN:172,MaseerGate.file
FNDA:9,MaseerGate.file
DA:173,9
BRDA:173,7,0,1
BRDA:173,7,1,1
DA:174,8
BRDA:174,8,0,1
BRDA:174,8,1,1
DA:175,7
BRDA:175,9,0,1
BRDA:175,9,1,1
DA:176,6
BRDA:176,10,0,1
BRDA:176,10,1,1
DA:177,5
BRDA:177,11,0,1
BRDA:177,11,1,1
DA:178,4
BRDA:178,12,0,1
BRDA:178,12,1,1
DA:179,3
BRDA:179,13,0,1
BRDA:179,13,1,1
DA:180,2
BRDA:180,14,0,1
BRDA:180,14,1,1
DA:181,1
DA:184,37
FN:184,MaseerGate._setOpenMint
FNDA:37,MaseerGate._setOpenMint
DA:185,37
DA:186,37
DA:189,35
FN:189,MaseerGate._setHaltMint
FNDA:35,MaseerGate._setHaltMint
DA:190,35
DA:191,35
DA:194,32
FN:194,MaseerGate._setOpenBurn
FNDA:32,MaseerGate._setOpenBurn
DA:195,32
DA:196,32
DA:199,32
FN:199,MaseerGate._setHaltBurn
FNDA:32,MaseerGate._setHaltBurn
DA:200,32
DA:201,32
DA:204,813
FN:204,MaseerGate._setBpsin
FNDA:813,MaseerGate._setBpsin
DA:205,813
DA:206,813
DA:209,298
FN:209,MaseerGate._setBpsout
FNDA:298,MaseerGate._setBpsout
DA:210,298
DA:211,298
DA:214,30
FN:214,MaseerGate._setCooldown
FNDA:30,MaseerGate._setCooldown
DA:215,30
DA:216,30
DA:219,548
FN:219,MaseerGate._setCapacity
FNDA:548,MaseerGate._setCapacity
DA:220,548
DA:221,548
DA:224,1680
FN:224,MaseerGate._adjustMintPrice
FNDA:1680,MaseerGate._adjustMintPrice
DA:225,1680
DA:228,1562
FN:228,MaseerGate._adjustBurnPrice
FNDA:1562,MaseerGate._adjustBurnPrice
DA:229,1562
DA:232,3242
FN:232,MaseerGate._divup
FNDA:3242,MaseerGate._divup
DA:233,3242
FNF:40
FNH:40
LF:112
LH:112
BRF:23
BRH:16
end_of_record
TN:
SF:src/MaseerGuard.sol
DA:30,148
FN:30,MaseerGuard.constructor
FNDA:148,MaseerGuard.constructor
DA:31,148
DA:39,6186
FN:39,MaseerGuard.pass
FNDA:6186,MaseerGuard.pass
DA:40,6186
FNF:2
FNH:2
LF:4
LH:4
BRF:0
BRH:0
end_of_record
TN:
SF:src/MaseerImplementation.sol
DA:31,327
FN:31,MaseerImplementation.auth
FNDA:327,MaseerImplementation.auth
DA:32,327
BRDA:32,0,0,2
DA:36,736
FN:36,MaseerImplementation.rely
FNDA:736,MaseerImplementation.rely
DA:37,735
DA:38,735
DA:41,733
FN:41,MaseerImplementation.deny
FNDA:733,MaseerImplementation.deny
DA:42,732
DA:43,732
DA:46,14
FN:46,MaseerImplementation.wards
FNDA:14,MaseerImplementation.wards
DA:47,14
DA:50,1181
FN:50,MaseerImplementation._rely
FNDA:1181,MaseerImplementation._rely
DA:51,1181
DA:54,732
FN:54,MaseerImplementation._deny
FNDA:732,MaseerImplementation._deny
DA:55,732
DA:58,5458
FN:58,MaseerImplementation._setVal
FNDA:5458,MaseerImplementation._setVal
DA:60,5458
DA:64,153
FN:64,MaseerImplementation._setVal
FNDA:153,MaseerImplementation._setVal
DA:66,153
DA:70,1
FN:70,MaseerImplementation._setVal
FNDA:1,MaseerImplementation._setVal
DA:72,1
DA:76,1
FN:76,MaseerImplementation._setVal
FNDA:1,MaseerImplementation._setVal
DA:78,1
DA:82,779
FN:82,MaseerImplementation._setVal
FNDA:779,MaseerImplementation._setVal
DA:83,779
DA:85,779
DA:87,779
DA:90,14859
FN:90,MaseerImplementation._getVal
FNDA:14859,MaseerImplementation._getVal
DA:92,14859
DA:96,10189
FN:96,MaseerImplementation._uint256Slot
FNDA:10189,MaseerImplementation._uint256Slot
DA:97,10189
DA:100,1
FN:100,MaseerImplementation._addressSlot
FNDA:1,MaseerImplementation._addressSlot
DA:101,1
DA:104,1
FN:104,MaseerImplementation._boolSlot
FNDA:1,MaseerImplementation._boolSlot
DA:105,1
DA:108,781
FN:108,MaseerImplementation._stringSlot
FNDA:781,MaseerImplementation._stringSlot
DA:109,781
DA:111,781
DA:113,781
DA:116,260
FN:116,MaseerImplementation._b32toString
FNDA:260,MaseerImplementation._b32toString
DA:117,260
DA:118,4684
DA:119,4424
DA:122,260
DA:123,260
DA:124,4424
DA:127,260
FNF:17
FNH:17
LF:46
LH:46
BRF:1
BRH:1
end_of_record
TN:
SF:src/MaseerOne.sol
DA:141,146
FN:141,MaseerOne.constructor
FNDA:146,MaseerOne.constructor
DA:151,146
DA:152,146
DA:153,146
DA:154,146
DA:155,146
DA:156,146
DA:159,519
FN:159,MaseerOne.pass
FNDA:519,MaseerOne.pass
DA:160,519
BRDA:160,0,0,8
DA:164,376
FN:164,MaseerOne.mintlive
FNDA:376,MaseerOne.mintlive
DA:165,376
BRDA:165,1,0,-
DA:169,264
FN:169,MaseerOne.burnlive
FNDA:264,MaseerOne.burnlive
DA:170,264
BRDA:170,2,0,-
DA:174,4
FN:174,MaseerOne.issuer
FNDA:4,MaseerOne.issuer
DA:175,4
BRDA:175,3,0,1
DA:179,376
FN:179,MaseerOne.mint
FNDA:376,MaseerOne.mint
DA:181,376
DA:184,376
BRDA:184,4,0,-
DA:187,376
DA:190,376
BRDA:190,5,0,2
DA:193,374
DA:196,374
BRDA:196,6,0,-
DA:199,374
DA:202,374
DA:205,374
DA:208,264
FN:208,MaseerOne.redeem
FNDA:264,MaseerOne.redeem
DA:210,264
BRDA:210,7,0,1
DA:213,263
DA:216,263
BRDA:216,8,0,-
DA:219,263
DA:222,263
DA:225,263
DA:228,263
DA:231,263
DA:234,263
DA:241,263
DA:244,263
DA:247,2
FN:247,MaseerOne.exit
FNDA:2,MaseerOne.exit
DA:248,2
DA:250,2
DA:253,2
BRDA:253,9,0,-
DA:254,2
BRDA:254,10,0,-
DA:256,2
DA:257,2
DA:259,2
DA:264,2
DA:265,2
DA:269,2
DA:272,2
DA:275,6
FN:275,MaseerOne.settle
FNDA:6,MaseerOne.settle
DA:277,6
DA:278,6
DA:281,6
DA:285,6
DA:289,6
DA:292,6
DA:296,1
FN:296,MaseerOne.issue
FNDA:1,MaseerOne.issue
DA:297,1
DA:299,1
DA:303,4
FN:303,MaseerOne.smelt
FNDA:4,MaseerOne.smelt
DA:304,3
DA:306,3
DA:310,1
FN:310,MaseerOne.smelt
FNDA:1,MaseerOne.smelt
DA:311,1
DA:313,1
DA:318,2
FN:318,MaseerOne.mintable
FNDA:2,MaseerOne.mintable
DA:319,378
DA:322,2
FN:322,MaseerOne.burnable
FNDA:2,MaseerOne.burnable
DA:323,266
DA:326,1924
FN:326,MaseerOne.canPass
FNDA:1924,MaseerOne.canPass
DA:327,1924
DA:330,527
FN:330,MaseerOne.cooldown
FNDA:527,MaseerOne.cooldown
DA:331,527
DA:334,774
FN:334,MaseerOne.navprice
FNDA:774,MaseerOne.navprice
DA:335,774
DA:338,1039
FN:338,MaseerOne.mintcost
FNDA:1039,MaseerOne.mintcost
DA:339,1039
DA:342,1035
FN:342,MaseerOne.burncost
FNDA:1035,MaseerOne.burncost
DA:343,1035
DA:346,1
FN:346,MaseerOne.capacity
FNDA:1,MaseerOne.capacity
DA:347,1
DA:350,1
FN:350,MaseerOne.terms
FNDA:1,MaseerOne.terms
DA:351,1
DA:354,263
FN:354,MaseerOne.redemptionAddr
FNDA:263,MaseerOne.redemptionAddr
DA:355,263
DA:358,263
FN:358,MaseerOne.redemptionDate
FNDA:263,MaseerOne.redemptionDate
DA:359,263
DA:362,788
FN:362,MaseerOne.redemptionAmount
FNDA:788,MaseerOne.redemptionAmount
DA:363,788
DA:366,270
FN:366,MaseerOne.unsettled
FNDA:270,MaseerOne.unsettled
DA:367,270
DA:368,270
DA:371,265
FN:371,MaseerOne.obligated
FNDA:265,MaseerOne.obligated
DA:372,265
DA:373,265
DA:378,251
FN:378,MaseerOne.approve
FNDA:251,MaseerOne.approve
DA:379,251
DA:382,268
FN:382,MaseerOne.approve
FNDA:268,MaseerOne.approve
DA:383,508
DA:386,362
FN:386,MaseerOne.transfer
FNDA:362,MaseerOne.transfer
DA:387,354
BRDA:387,12,0,1
DA:388,353
DA:391,262
FN:391,MaseerOne.transferFrom
FNDA:262,MaseerOne.transferFrom
DA:392,254
BRDA:392,13,0,1
DA:393,253
DA:396,1
FN:396,MaseerOne.permit
FNDA:1,MaseerOne.permit
DA:405,1
DA:410,5608
FN:410,MaseerOne._canPass
FNDA:5608,MaseerOne._canPass
DA:411,5608
DA:414,790
FN:414,MaseerOne._cooldown
FNDA:790,MaseerOne._cooldown
DA:415,790
DA:418,1415
FN:418,MaseerOne._mintcost
FNDA:1415,MaseerOne._mintcost
DA:419,1415
DA:422,1298
FN:422,MaseerOne._burncost
FNDA:1298,MaseerOne._burncost
DA:423,1298
DA:426,375
FN:426,MaseerOne._capacity
FNDA:375,MaseerOne._capacity
DA:427,375
DA:430,3487
FN:430,MaseerOne._read
FNDA:3487,MaseerOne._read
DA:431,3487
DA:434,543
FN:434,MaseerOne._gemBalance
FNDA:543,MaseerOne._gemBalance
DA:435,543
DA:438,374
FN:438,MaseerOne._wdiv
FNDA:374,MaseerOne._wdiv
DA:439,374
DA:442,263
FN:442,MaseerOne._wmul
FNDA:263,MaseerOne._wmul
DA:443,263
DA:446,8
FN:446,MaseerOne._safeTransfer
FNDA:8,MaseerOne._safeTransfer
DA:447,8
DA:448,8
BRDA:448,14,0,-
DA:451,374
FN:451,MaseerOne._safeTransferFrom
FNDA:374,MaseerOne._safeTransferFrom
DA:452,374
DA:453,374
BRDA:453,15,0,-
FNF:42
FNH:42
LF:131
LH:131
BRF:15
BRH:6
end_of_record
TN:
SF:src/MaseerPrecommit.sol
DA:68,206
FN:68,MaseerPrecommit.pass
FNDA:206,MaseerPrecommit.pass
DA:69,206
BRDA:69,0,0,1
DA:73,14
FN:73,MaseerPrecommit.constructor
FNDA:14,MaseerPrecommit.constructor
DA:74,14
DA:75,14
DA:76,14
DA:77,14
DA:80,206
FN:80,MaseerPrecommit.pact
FNDA:206,MaseerPrecommit.pact
DA:81,205
BRDA:81,1,0,1
DA:82,204
BRDA:82,2,0,1
DA:84,203
DA:88,203
DA:91,103
FN:91,MaseerPrecommit.exec
FNDA:103,MaseerPrecommit.exec
DA:92,102
DA:93,102
BRDA:93,3,0,1
DA:94,101
DA:96,101
DA:97,101
DA:98,101
DA:99,101
DA:102,2
FN:102,MaseerPrecommit.exit
FNDA:2,MaseerPrecommit.exit
DA:103,1
DA:104,1
DA:105,1
DA:106,1
DA:109,101
FN:109,MaseerPrecommit.amt
FNDA:101,MaseerPrecommit.amt
DA:110,101
DA:113,101
FN:113,MaseerPrecommit.usr
FNDA:101,MaseerPrecommit.usr
DA:114,101
DA:117,1
FN:117,MaseerPrecommit.min
FNDA:1,MaseerPrecommit.min
DA:118,1
DA:121,102
FN:121,MaseerPrecommit._safeTransfer
FNDA:102,MaseerPrecommit._safeTransfer
DA:122,102
DA:123,102
BRDA:123,4,0,-
DA:126,101
FN:126,MaseerPrecommit._safeTransferFrom
FNDA:101,MaseerPrecommit._safeTransferFrom
DA:127,101
DA:128,101
BRDA:128,5,0,-
FNF:10
FNH:10
LF:37
LH:37
BRF:6
BRH:4
end_of_record
TN:
SF:src/MaseerPrice.sol
DA:35,151
FN:35,MaseerPrice.kiss
FNDA:151,MaseerPrice.kiss
DA:36,3
FN:36,MaseerPrice.diss
FNDA:3,MaseerPrice.diss
DA:37,1288
FN:37,MaseerPrice.buds
FNDA:1288,MaseerPrice.buds
DA:38,1288
BRDA:38,0,0,35
DA:42,146
FN:42,MaseerPrice.constructor
FNDA:146,MaseerPrice.constructor
DA:43,146
DA:46,4168
FN:46,MaseerPrice.read
FNDA:4168,MaseerPrice.read
DA:47,4168
DA:50,1288
FN:50,MaseerPrice.poke
FNDA:1288,MaseerPrice.poke
DA:51,1253
DA:54,1
FN:54,MaseerPrice.pause
FNDA:1,MaseerPrice.pause
DA:55,1
DA:58,262
FN:58,MaseerPrice.name
FNDA:262,MaseerPrice.name
DA:59,262
DA:62,237
FN:62,MaseerPrice.decimals
FNDA:237,MaseerPrice.decimals
DA:63,237
DA:66,3
FN:66,MaseerPrice.paused
FNDA:3,MaseerPrice.paused
DA:67,3
DA:70,747
FN:70,MaseerPrice.file
FNDA:747,MaseerPrice.file
DA:71,746
BRDA:71,1,0,227
BRDA:71,1,1,21
DA:72,519
BRDA:72,2,0,260
BRDA:72,2,1,21
DA:73,259
BRDA:73,3,0,238
BRDA:73,3,1,21
DA:74,21
DA:75,725
DA:78,1481
FN:78,MaseerPrice._poke
FNDA:1481,MaseerPrice._poke
DA:79,1481
DA:80,1481
FNF:12
FNH:12
LF:27
LH:27
BRF:7
BRH:7
end_of_record
TN:
SF:src/MaseerProxy.sol
DA:23,37
FN:23,MaseerProxy.wardsProxy
FNDA:37,MaseerProxy.wardsProxy
DA:24,37
DA:26,736
FN:26,MaseerProxy.relyProxy
FNDA:736,MaseerProxy.relyProxy
DA:27,734
FN:27,MaseerProxy.denyProxy
FNDA:734,MaseerProxy.denyProxy
DA:36,6
FN:36,MaseerProxy.proxyAuth
FNDA:6,MaseerProxy.proxyAuth
DA:37,6
BRDA:37,0,0,-
DA:41,735
FN:41,MaseerProxy.constructor
FNDA:735,MaseerProxy.constructor
DA:42,735
DA:43,735
DA:44,735
DA:47,6
FN:47,MaseerProxy.file
FNDA:6,MaseerProxy.file
DA:48,6
DA:51,24
FN:51,MaseerProxy.impl
FNDA:24,MaseerProxy.impl
DA:52,24
DA:55,22178
FN:55,MaseerProxy.fallback
FNDA:22178,MaseerProxy.fallback
DA:56,22178
DA:59,22178
DA:60,22178
DA:61,22178
DA:62,22178
DA:65,22178
DA:66,22108
DA:70,741
FN:70,MaseerProxy._setImpl
FNDA:741,MaseerProxy._setImpl
DA:71,741
BRDA:71,1,0,-
DA:72,741
BRDA:72,2,0,-
DA:73,741
DA:75,741
DA:77,741
DA:80,22202
FN:80,MaseerProxy._getImpl
FNDA:22202,MaseerProxy._getImpl
DA:81,22202
DA:82,22202
DA:84,22202
DA:86,22202
DA:89,2203
FN:89,MaseerProxy._setAuth
FNDA:2203,MaseerProxy._setAuth
DA:90,2203
DA:92,2203
DA:96,1513
FN:96,MaseerProxy._getAuth
FNDA:1513,MaseerProxy._getAuth
DA:97,1513
DA:98,1513
DA:100,1513
DA:102,1513
DA:105,735
FN:105,MaseerProxy._rely
FNDA:735,MaseerProxy._rely
DA:106,735
DA:108,735
FNF:13
FNH:13
LF:44
LH:44
BRF:3
BRH:0
end_of_record
TN:
SF:src/MaseerToken.sol
DA:34,146
FN:34,MaseerToken.constructor
FNDA:146,MaseerToken.constructor
DA:35,146
DA:36,146
DA:38,146
DA:39,146
DA:49,251
FN:49,MaseerToken.approve
FNDA:251,MaseerToken.approve
DA:50,251
DA:53,508
FN:53,MaseerToken.approve
FNDA:508,MaseerToken.approve
DA:54,508
DA:56,508
DA:58,508
DA:61,353
FN:61,MaseerToken.transfer
FNDA:353,MaseerToken.transfer
DA:62,353
DA:67,353
DA:70,353
DA:72,353
DA:75,253
FN:75,MaseerToken.transferFrom
FNDA:253,MaseerToken.transferFrom
DA:79,253
DA:80,253
BRDA:80,0,0,252
DA:81,252
DA:84,252
DA:85,252
DA:87,252
DA:89,252
DA:92,1
FN:92,MaseerToken.permit
FNDA:1,MaseerToken.permit
DA:101,1
BRDA:101,1,0,-
DA:105,1
DA:129,1
BRDA:129,2,0,-
DA:131,1
DA:134,1
DA:137,375
FN:137,MaseerToken._mint
FNDA:375,MaseerToken._mint
DA:138,375
DA:141,375
DA:143,375
DA:146,267
FN:146,MaseerToken._burn
FNDA:267,MaseerToken._burn
DA:147,267
DA:150,267
DA:152,267
DA:155,2
FN:155,MaseerToken.DOMAIN_SEPARATOR
FNDA:2,MaseerToken.DOMAIN_SEPARATOR
DA:156,3
DA:159,146
FN:159,MaseerToken._computeDomainSeparator
FNDA:146,MaseerToken._computeDomainSeparator
DA:160,146
FNF:10
FNH:10
LF:42
LH:42
BRF:3
BRH:1
end_of_record
TN:
SF:src/MaseerTreasury.sol
DA:29,151
FN:29,MaseerTreasury.bestow
FNDA:151,MaseerTreasury.bestow
DA:30,151
DA:31,151
DA:34,1
FN:34,MaseerTreasury.depose
FNDA:1,MaseerTreasury.depose
DA:35,1
DA:36,1
DA:39,11
FN:39,MaseerTreasury.issuer
FNDA:11,MaseerTreasury.issuer
DA:40,11
DA:43,152
FN:43,MaseerTreasury._setIssuer
FNDA:152,MaseerTreasury._setIssuer
DA:44,152
DA:45,152
DA:48,11
FN:48,MaseerTreasury._getIssuer
FNDA:11,MaseerTreasury._getIssuer
DA:49,11
DA:50,11
FNF:5
FNH:5
LF:14
LH:14
BRF:0
BRH:0
end_of_record
TN:
SF:test/Mocks/MockCop.sol
DA:10,1
FN:10,MockCop.blacklist
FNDA:1,MockCop.blacklist
DA:11,1
DA:14,2
FN:14,MockCop.pass
FNDA:2,MockCop.pass
DA:15,2
FNF:2
FNH:2
LF:4
LH:4
BRF:0
BRH:0
end_of_record
TN:
SF:test/Mocks/MockImplementation.sol
DA:14,1
FN:14,MockImplementation.setUint256Val
FNDA:1,MockImplementation.setUint256Val
DA:15,1
DA:18,1
FN:18,MockImplementation.getUint256Val
FNDA:1,MockImplementation.getUint256Val
DA:19,1
DA:22,1
FN:22,MockImplementation.setAddressVal
FNDA:1,MockImplementation.setAddressVal
DA:23,1
DA:26,1
FN:26,MockImplementation.getAddressVal
FNDA:1,MockImplementation.getAddressVal
DA:27,1
DA:30,1
FN:30,MockImplementation.setBoolVal
FNDA:1,MockImplementation.setBoolVal
DA:31,1
DA:34,1
FN:34,MockImplementation.getBoolVal
FNDA:1,MockImplementation.getBoolVal
DA:35,1
DA:38,1
FN:38,MockImplementation.setBytes32Val
FNDA:1,MockImplementation.setBytes32Val
DA:39,1
DA:42,1
FN:42,MockImplementation.getBytes32Val
FNDA:1,MockImplementation.getBytes32Val
DA:43,1
DA:46,259
FN:46,MockImplementation.setStringVal
FNDA:259,MockImplementation.setStringVal
DA:47,259
DA:50,259
FN:50,MockImplementation.getStringVal
FNDA:259,MockImplementation.getStringVal
DA:51,259
FNF:10
FNH:10
LF:20
LH:20
BRF:0
BRH:0
end_of_record
TN:
SF:test/Mocks/MockPip.sol
DA:10,0
FN:10,MockPip.setPrice
FNDA:0,MockPip.setPrice
DA:11,0
DA:14,0
FN:14,MockPip.read
FNDA:0,MockPip.read
DA:15,0
FNF:2
FNH:0
LF:4
LH:0
BRF:0
BRH:0
end_of_record
TN:
SF:test/Mocks/MockUSDT.sol
DA:18,0
FN:18,MockUSDT.constructor
FNDA:0,MockUSDT.constructor
DA:19,0
DA:20,0
DA:21,0
DA:24,0
FN:24,MockUSDT.getBlackListStatus
FNDA:0,MockUSDT.getBlackListStatus
DA:25,0
DA:28,0
FN:28,MockUSDT.setBlackListStatus
FNDA:0,MockUSDT.setBlackListStatus
DA:29,0
DA:32,0
FN:32,MockUSDT.mint
FNDA:0,MockUSDT.mint
DA:33,0
BRDA:33,0,0,-
BRDA:33,0,1,-
DA:34,0
DA:37,0
FN:37,MockUSDT.approve
FNDA:0,MockUSDT.approve
DA:38,0
DA:41,0
FN:41,MockUSDT.approve
FNDA:0,MockUSDT.approve
DA:42,0
DA:43,0
DA:46,0
FN:46,MockUSDT.transfer
FNDA:0,MockUSDT.transfer
DA:47,0
DA:49,0
DA:54,0
FN:54,MockUSDT.transferFrom
FNDA:0,MockUSDT.transferFrom
DA:56,0
DA:57,0
BRDA:57,1,0,-
DA:58,0
DA:60,0
DA:61,0
DA:65,0
FN:65,MockUSDT._mint
FNDA:0,MockUSDT._mint
DA:66,0
DA:69,0
FNF:9
FNH:0
LF:28
LH:0
BRF:3
BRH:0
end_of_record
TN:
SF:test/fixtures/OFAC.sol
DA:10,144
FN:10,OFAC.constructor
FNDA:144,OFAC.constructor
DA:11,144
DA:12,144
DA:13,144
DA:14,144
DA:15,144
DA:16,144
DA:17,144
DA:18,144
DA:19,144
DA:20,144
DA:21,144
DA:22,144
DA:23,144
DA:24,144
DA:25,144
DA:26,144
DA:27,144
DA:28,144
DA:29,144
DA:30,144
DA:31,144
DA:32,144
DA:33,144
DA:34,144
DA:35,144
DA:36,144
DA:37,144
DA:38,144
DA:39,144
DA:40,144
DA:41,144
DA:42,144
DA:43,144
DA:44,144
DA:45,144
DA:46,144
DA:47,144
DA:48,144
DA:49,144
DA:50,144
DA:51,144
DA:52,144
DA:53,144
DA:54,144
DA:55,144
DA:56,144
DA:57,144
DA:58,144
DA:59,144
DA:60,144
DA:61,144
DA:62,144
DA:63,144
DA:64,144
DA:65,144
DA:66,144
DA:67,144
DA:68,144
DA:69,144
DA:70,144
DA:71,144
DA:72,144
DA:73,144
DA:76,2
FN:76,OFAC.length
FNDA:2,OFAC.length
DA:77,2
FNF:2
FNH:2
LF:66
LH:66
BRF:0
BRH:0
end_of_record
